\BOOKMARK [0][-]{chapter.1}{\376\377\173\054\116\000\172\340\000\040\176\352\213\272}{}% 1
\BOOKMARK [0][-]{chapter.2}{\376\377\173\054\116\214\172\340\000\040\121\163\225\056\142\200\147\057}{}% 2
\BOOKMARK [1][-]{section.2.1}{\376\377\173\054\116\000\202\202\000\040\000C\000U\000D\000A\177\026\172\013\152\041\127\213}{chapter.2}% 3
\BOOKMARK [1][-]{section.2.2}{\376\377\173\054\116\214\202\202\000\040\000c\000u\000F\000F\000T}{chapter.2}% 4
\BOOKMARK [1][-]{section.2.3}{\376\377\173\054\116\011\202\202\000\040\000c\000u\000T\000r\000a\000n\000s\000p\000o\000s\000e}{chapter.2}% 5
\BOOKMARK [0][-]{chapter.3}{\376\377\173\054\116\011\172\340\000\040\154\102\211\343\116\245\131\306\227\015\121\171\145\271\172\013}{}% 6
\BOOKMARK [1][-]{section.3.1}{\376\377\173\054\116\000\202\202\000\040\117\177\165\050\120\205\221\314\123\366\123\330\143\142\166\204\145\271\154\325\154\102\211\343}{chapter.3}% 7
\BOOKMARK [1][-]{section.3.2}{\376\377\173\054\116\214\202\202\000\040\162\304\122\051\121\113\226\367\217\271\165\114\147\141\116\366}{chapter.3}% 8
\BOOKMARK [2][-]{subsection.3.2.1}{\376\377\0003\000.\0002\000.\0001\000\040\211\343\121\263\227\136\237\120\153\041\217\271\165\114\147\141\116\366}{section.3.2}% 9
\BOOKMARK [1][-]{section.3.3}{\376\377\173\054\116\011\202\202\000\040\213\372\117\012\146\374\217\271\165\114\147\141\116\366}{chapter.3}% 10
\BOOKMARK [1][-]{section.3.4}{\376\377\173\054\126\333\202\202\000\040\146\364\131\015\147\102\166\204\217\271\165\114\147\141\116\366}{chapter.3}% 11
\BOOKMARK [1][-]{section.3.5}{\376\377\173\054\116\224\202\202\000\040\147\054\172\340\134\017\202\202}{chapter.3}% 12
\BOOKMARK [0][-]{chapter.4}{\376\377\173\054\126\333\172\340\000\040\173\227\154\325\213\276\213\241\124\214\172\013\136\217\133\236\163\260}{}% 13
\BOOKMARK [1][-]{section.4.1}{\376\377\173\054\116\000\202\202\000\040\116\245\131\306\227\015\121\171\145\271\172\013\154\102\211\343\126\150}{chapter.4}% 14
\BOOKMARK [1][-]{section.4.2}{\376\377\173\054\116\214\202\202\000\040\117\177\165\050\000C\000U\000D\000A\217\333\210\114\116\011\176\364\120\205\221\314\123\366\123\330\143\142}{chapter.4}% 15
\BOOKMARK [1][-]{section.4.3}{\376\377\173\054\116\011\202\202\000\040\147\054\172\340\134\017\202\202}{chapter.4}% 16
\BOOKMARK [0][-]{chapter.5}{\376\377\173\054\116\224\172\340\000\040\140\047\200\375\155\113\213\325}{}% 17
\BOOKMARK [1][-]{section.5.1}{\376\377\173\054\116\000\202\202\000\040\155\113\213\325\136\163\123\360}{chapter.5}% 18
\BOOKMARK [1][-]{section.5.2}{\376\377\173\054\116\214\202\202\000\040\155\113\213\325\176\323\147\234}{chapter.5}% 19
\BOOKMARK [2][-]{subsection.5.2.1}{\376\377\0005\000.\0002\000.\0001\000\040\176\323\147\234\121\306\170\156\140\047}{section.5.2}% 20
\BOOKMARK [2][-]{subsection.5.2.2}{\376\377\0005\000.\0002\000.\0002\000\040\140\047\200\375\133\371\153\324}{section.5.2}% 21
\BOOKMARK [0][-]{chapter.6}{\376\377\173\054\121\155\172\340\000\040\140\073\176\323\116\016\134\125\147\033}{}% 22
\BOOKMARK [0][-]{chapter.6}{\376\377\123\302\200\003\145\207\163\056\000\040}{}% 23
\BOOKMARK [0][-]{chapter.6}{\376\377\201\364\214\042\000\040}{}% 24
